Generating img_001.jpg...
Mode: t2i
Model: image-01
Generating 1 image(s)...
Success: 1, Failed: 0
URL: https://hailuo-image-algeng-data.oss-cn-wulanchabu.aliyuncs.com/image_inference_output%2Ftalkie%2Fprod%2Fimg%2F2026-04-05%2F798ab1aa-5aec-4d6e-9720-1a973b52097b_aigc.jpeg?Expires=1775438183&OSSAccessKeyId=LTAI5tB2SwrRwAtD23etQUbC&Signature=k8wi5i8j7r0fd3vty%2BO%2FrPx8ubY%3D
Image downloaded to: /root/.openclaw/workspace/minimax-output/douyin09_today/img_001.jpg
Done!
img_001 done
Generating img_002.jpg...
Mode: t2i
Model: image-01
Generating 1 image(s)...
Success: 1, Failed: 0
URL: https://hailuo-image-algeng-data.oss-cn-wulanchabu.aliyuncs.com/image_inference_output%2Ftalkie%2Fprod%2Fimg%2F2026-04-05%2F791a5624-3446-4b51-9482-7d0251e7874d_aigc.jpeg?Expires=1775438197&OSSAccessKeyId=LTAI5tB2SwrRwAtD23etQUbC&Signature=35awCFnyAeT%2FN23iT7OJEIThqBg%3D
Image downloaded to: /root/.openclaw/workspace/minimax-output/douyin09_today/img_002.jpg
Done!
img_002 done
Generating img_003.jpg...
Mode: t2i
Model: image-01
Generating 1 image(s)...
Success: 1, Failed: 0
URL: https://hailuo-image-algeng-data.oss-cn-wulanchabu.aliyuncs.com/image_inference_output%2Ftalkie%2Fprod%2Fimg%2F2026-04-05%2F0e04f1fb-6539-4b06-acd8-16b7aa98bc80_aigc.jpeg?Expires=1775438212&OSSAccessKeyId=LTAI5tB2SwrRwAtD23etQUbC&Signature=9UWVak%2FYg8nXT7DyxTqODwtHoKM%3D
Image downloaded to: /root/.openclaw/workspace/minimax-output/douyin09_today/img_003.jpg
Done!
img_003 done
Generating img_004.jpg...
Mode: t2i
Model: image-01
Generating 1 image(s)...
Success: 1, Failed: 0
URL: https://hailuo-image-algeng-data.oss-cn-wulanchabu.aliyuncs.com/image_inference_output%2Ftalkie%2Fprod%2Fimg%2F2026-04-05%2F3014e097-b600-414b-8ec5-fc40a230bc33_aigc.jpeg?Expires=1775438228&OSSAccessKeyId=LTAI5tB2SwrRwAtD23etQUbC&Signature=VgWecjR%2FpynrqzS4s9z%2BKJ9LYu0%3D
Image downloaded to: /root/.openclaw/workspace/minimax-output/douyin09_today/img_004.jpg
Done!
img_004 done
Generating img_005.jpg...
Mode: t2i
Model: image-01
Generating 1 image(s)...
Success: 1, Failed: 0
URL: https://hailuo-image-algeng-data.oss-cn-wulanchabu.aliyuncs.com/image_inference_output%2Ftalkie%2Fprod%2Fimg%2F2026-04-05%2F825723be-b39f-411a-9e84-c60393ff7803_aigc.jpeg?Expires=1775438243&OSSAccessKeyId=LTAI5tB2SwrRwAtD23etQUbC&Signature=GwAjRR2%2B8nYSZIe468Y3MvvEzRw%3D
Image downloaded to: /root/.openclaw/workspace/minimax-output/douyin09_today/img_005.jpg
Done!
img_005 done
Generating img_006.jpg...
Mode: t2i
Model: image-01
Generating 1 image(s)...
Success: 1, Failed: 0
URL: https://hailuo-image-algeng-data.oss-cn-wulanchabu.aliyuncs.com/image_inference_output%2Ftalkie%2Fprod%2Fimg%2F2026-04-05%2F95689d6a-40e7-41bb-a914-ec10246686ba_aigc.jpeg?Expires=1775438257&OSSAccessKeyId=LTAI5tB2SwrRwAtD23etQUbC&Signature=%2FchMzPw0eQmimE6384j5tPl%2FHN4%3D
Image downloaded to: /root/.openclaw/workspace/minimax-output/douyin09_today/img_006.jpg
Done!
img_006 done
Generating img_007.jpg...
Mode: t2i
Model: image-01
Generating 1 image(s)...
Success: 1, Failed: 0
URL: https://hailuo-image-algeng-data.oss-cn-wulanchabu.aliyuncs.com/image_inference_output%2Ftalkie%2Fprod%2Fimg%2F2026-04-05%2F7f70e733-4e61-415e-a5b5-7af4c92a51a5_aigc.jpeg?Expires=1775438277&OSSAccessKeyId=LTAI5tB2SwrRwAtD23etQUbC&Signature=yl6yfgOX2KU9sVVrkJtn%2Fa42zNg%3D
Image downloaded to: /root/.openclaw/workspace/minimax-output/douyin09_today/img_007.jpg
Done!
img_007 done
Generating img_008.jpg...
Mode: t2i
Model: image-01
Generating 1 image(s)...
Success: 1, Failed: 0
URL: https://hailuo-image-algeng-data.oss-cn-wulanchabu.aliyuncs.com/image_inference_output%2Ftalkie%2Fprod%2Fimg%2F2026-04-05%2Fdf8f4169-a82b-4812-b67c-45e289568c0e_aigc.jpeg?Expires=1775438293&OSSAccessKeyId=LTAI5tB2SwrRwAtD23etQUbC&Signature=qPemMzyDtlKJcD0AVQLnlzQblE0%3D
Image downloaded to: /root/.openclaw/workspace/minimax-output/douyin09_today/img_008.jpg
Done!
img_008 done
Generating img_009.jpg...
Mode: t2i
Model: image-01
Generating 1 image(s)...
Success: 1, Failed: 0
URL: https://hailuo-image-algeng-data.oss-cn-wulanchabu.aliyuncs.com/image_inference_output%2Ftalkie%2Fprod%2Fimg%2F2026-04-05%2Fdf610853-12c4-4d86-adc1-49ca65c03e91_aigc.jpeg?Expires=1775438309&OSSAccessKeyId=LTAI5tB2SwrRwAtD23etQUbC&Signature=wPu3xr7%2F%2BWjpV8QOaR8tJu6F1Ac%3D
Image downloaded to: /root/.openclaw/workspace/minimax-output/douyin09_today/img_009.jpg
Done!
img_009 done
Generating img_010.jpg...
Mode: t2i
Model: image-01
Generating 1 image(s)...
Success: 1, Failed: 0
URL: https://hailuo-image-algeng-data.oss-cn-wulanchabu.aliyuncs.com/image_inference_output%2Ftalkie%2Fprod%2Fimg%2F2026-04-05%2F136276a8-340d-45a8-8ff0-806a2048cdcf_aigc.jpeg?Expires=1775438323&OSSAccessKeyId=LTAI5tB2SwrRwAtD23etQUbC&Signature=r%2BIh8tf45tDVJ0DAaKlfGHDj6Tk%3D
Image downloaded to: /root/.openclaw/workspace/minimax-output/douyin09_today/img_010.jpg
Done!
img_010 done
Generating img_011.jpg...
Mode: t2i
Model: image-01
Generating 1 image(s)...
Success: 1, Failed: 0
URL: https://hailuo-image-algeng-data.oss-cn-wulanchabu.aliyuncs.com/image_inference_output%2Ftalkie%2Fprod%2Fimg%2F2026-04-05%2Fcae06540-6a79-4dba-9651-ae7caafdf617_aigc.jpeg?Expires=1775438338&OSSAccessKeyId=LTAI5tB2SwrRwAtD23etQUbC&Signature=nSb6btQmdCMNOzjLBcFdBVakuC8%3D
Image downloaded to: /root/.openclaw/workspace/minimax-output/douyin09_today/img_011.jpg
Done!
img_011 done
Generating img_012.jpg...
Mode: t2i
Model: image-01
Generating 1 image(s)...
Success: 1, Failed: 0
URL: https://hailuo-image-algeng-data.oss-cn-wulanchabu.aliyuncs.com/image_inference_output%2Ftalkie%2Fprod%2Fimg%2F2026-04-05%2Fcb1d54c9-bb26-4196-817b-f3150ea6370c_aigc.jpeg?Expires=1775438352&OSSAccessKeyId=LTAI5tB2SwrRwAtD23etQUbC&Signature=fzwzt7JB6LIDEE3jfHYyP%2F3fDCY%3D
Image downloaded to: /root/.openclaw/workspace/minimax-output/douyin09_today/img_012.jpg
Done!
img_012 done
Generating img_013.jpg...
Mode: t2i
Model: image-01
Generating 1 image(s)...
Success: 1, Failed: 0
URL: https://hailuo-image-algeng-data.oss-cn-wulanchabu.aliyuncs.com/image_inference_output%2Ftalkie%2Fprod%2Fimg%2F2026-04-05%2Fb83f4e79-5234-4ac2-86fa-46e0680786b4_aigc.jpeg?Expires=1775438367&OSSAccessKeyId=LTAI5tB2SwrRwAtD23etQUbC&Signature=1bT6zmF4hgoiR6g%2Fj%2Bz9jLcZrfY%3D
Image downloaded to: /root/.openclaw/workspace/minimax-output/douyin09_today/img_013.jpg
Done!
img_013 done
Generating img_014.jpg...
Mode: t2i
Model: image-01
Generating 1 image(s)...
Success: 1, Failed: 0
URL: https://hailuo-image-algeng-data.oss-cn-wulanchabu.aliyuncs.com/image_inference_output%2Ftalkie%2Fprod%2Fimg%2F2026-04-05%2Fc5704fee-d4e9-4705-a6ed-c8020f8fea62_aigc.jpeg?Expires=1775438383&OSSAccessKeyId=LTAI5tB2SwrRwAtD23etQUbC&Signature=gUUDdiCvSpyg0tyoq%2FGjIegio0k%3D
Image downloaded to: /root/.openclaw/workspace/minimax-output/douyin09_today/img_014.jpg
Done!
img_014 done
Generating img_015.jpg...
Mode: t2i
Model: image-01
Generating 1 image(s)...
Success: 1, Failed: 0
URL: https://hailuo-image-algeng-data.oss-cn-wulanchabu.aliyuncs.com/image_inference_output%2Ftalkie%2Fprod%2Fimg%2F2026-04-05%2Febae043f-17d7-4c7f-93f9-1978fe38ff3b_aigc.jpeg?Expires=1775438399&OSSAccessKeyId=LTAI5tB2SwrRwAtD23etQUbC&Signature=NA%2BhZd%2BnEemdNfjFbrSgIUD8uZM%3D
Image downloaded to: /root/.openclaw/workspace/minimax-output/douyin09_today/img_015.jpg
Done!
img_015 done
Generating img_016.jpg...
Mode: t2i
Model: image-01
Generating 1 image(s)...
Success: 1, Failed: 0
URL: https://hailuo-image-algeng-data.oss-cn-wulanchabu.aliyuncs.com/image_inference_output%2Ftalkie%2Fprod%2Fimg%2F2026-04-05%2Ff0306351-a133-4059-bed7-160223682e9f_aigc.jpeg?Expires=1775438418&OSSAccessKeyId=LTAI5tB2SwrRwAtD23etQUbC&Signature=UYGvTe5xOKTD0HNQJ2TN3TTMlCM%3D
Image downloaded to: /root/.openclaw/workspace/minimax-output/douyin09_today/img_016.jpg
Done!
img_016 done
Generating img_017.jpg...
Mode: t2i
Model: image-01
Generating 1 image(s)...
Success: 1, Failed: 0
URL: https://hailuo-image-algeng-data.oss-cn-wulanchabu.aliyuncs.com/image_inference_output%2Ftalkie%2Fprod%2Fimg%2F2026-04-05%2F3716a5c5-9ebf-4e04-ab43-c028b8dfa5a4_aigc.jpeg?Expires=1775438433&OSSAccessKeyId=LTAI5tB2SwrRwAtD23etQUbC&Signature=ZCtYzT%2FbjXPzSWcS5vvYnKMdAd4%3D
Image downloaded to: /root/.openclaw/workspace/minimax-output/douyin09_today/img_017.jpg
Done!
img_017 done
Generating img_018.jpg...
Mode: t2i
Model: image-01
Generating 1 image(s)...
Success: 1, Failed: 0
URL: https://hailuo-image-algeng-data.oss-cn-wulanchabu.aliyuncs.com/image_inference_output%2Ftalkie%2Fprod%2Fimg%2F2026-04-05%2F096a5e0c-66ed-4695-ba74-9f85e475c04f_aigc.jpeg?Expires=1775438528&OSSAccessKeyId=LTAI5tB2SwrRwAtD23etQUbC&Signature=btpwFfs2ADpzP67OpGco49htHKA%3D
Image downloaded to: /root/.openclaw/workspace/minimax-output/douyin09_today/img_018.jpg
Done!
img_018 done
Generating img_019.jpg...
Mode: t2i
Model: image-01
Generating 1 image(s)...
Success: 1, Failed: 0
URL: https://hailuo-image-algeng-data.oss-cn-wulanchabu.aliyuncs.com/image_inference_output%2Ftalkie%2Fprod%2Fimg%2F2026-04-05%2F37a0613e-ff02-40d5-846a-b98dbb4dd868_aigc.jpeg?Expires=1775438543&OSSAccessKeyId=LTAI5tB2SwrRwAtD23etQUbC&Signature=jD3OVx36ryh50QxxkPegELozIAs%3D
Image downloaded to: /root/.openclaw/workspace/minimax-output/douyin09_today/img_019.jpg
Done!
img_019 done
Generating img_020.jpg...
Mode: t2i
Model: image-01
Generating 1 image(s)...
Success: 1, Failed: 0
URL: https://hailuo-image-algeng-data.oss-cn-wulanchabu.aliyuncs.com/image_inference_output%2Ftalkie%2Fprod%2Fimg%2F2026-04-05%2Fd82167ac-7574-4fa3-8d83-584d4478c727_aigc.jpeg?Expires=1775438557&OSSAccessKeyId=LTAI5tB2SwrRwAtD23etQUbC&Signature=OFJ8lDPjlu3SS51xP4%2FDJHqhkk4%3D
Image downloaded to: /root/.openclaw/workspace/minimax-output/douyin09_today/img_020.jpg
Done!
img_020 done
Generating img_021.jpg...
Mode: t2i
Model: image-01
Generating 1 image(s)...
Success: 1, Failed: 0
URL: https://hailuo-image-algeng-data.oss-cn-wulanchabu.aliyuncs.com/image_inference_output%2Ftalkie%2Fprod%2Fimg%2F2026-04-05%2Fc08408dc-1400-470e-b1f4-48371cf64999_aigc.jpeg?Expires=1775438572&OSSAccessKeyId=LTAI5tB2SwrRwAtD23etQUbC&Signature=vhWF3SG%2FLudeTIxOewMoBVx7rHA%3D
Image downloaded to: /root/.openclaw/workspace/minimax-output/douyin09_today/img_021.jpg
Done!
img_021 done
Generating img_022.jpg...
Mode: t2i
Model: image-01
Generating 1 image(s)...
Success: 1, Failed: 0
URL: https://hailuo-image-algeng-data.oss-cn-wulanchabu.aliyuncs.com/image_inference_output%2Ftalkie%2Fprod%2Fimg%2F2026-04-05%2F21a2a35a-9fdc-4a51-b96c-185e17cde286_aigc.jpeg?Expires=1775438587&OSSAccessKeyId=LTAI5tB2SwrRwAtD23etQUbC&Signature=AW9YxF95kCpetvddDyfYzpKgw%2BQ%3D
Image downloaded to: /root/.openclaw/workspace/minimax-output/douyin09_today/img_022.jpg
Done!
img_022 done
Generating img_023.jpg...
Mode: t2i
Model: image-01
Generating 1 image(s)...
Success: 1, Failed: 0
URL: https://hailuo-image-algeng-data.oss-cn-wulanchabu.aliyuncs.com/image_inference_output%2Ftalkie%2Fprod%2Fimg%2F2026-04-05%2Fad6cc701-250d-4832-b8b6-f084eb0cc49a_aigc.jpeg?Expires=1775438621&OSSAccessKeyId=LTAI5tB2SwrRwAtD23etQUbC&Signature=pIBAIHYbw5Ul9iTQLZ60ETy7vXg%3D
Image downloaded to: /root/.openclaw/workspace/minimax-output/douyin09_today/img_023.jpg
Done!
img_023 done
Generating img_024.jpg...
Mode: t2i
Model: image-01
Generating 1 image(s)...
Success: 1, Failed: 0
URL: https://hailuo-image-algeng-data.oss-cn-wulanchabu.aliyuncs.com/image_inference_output%2Ftalkie%2Fprod%2Fimg%2F2026-04-05%2F0f6cbae8-f537-4a1f-859a-2f87ab7ca1d4_aigc.jpeg?Expires=1775438721&OSSAccessKeyId=LTAI5tB2SwrRwAtD23etQUbC&Signature=dAIcOI6BZTc4JSY8kF2sGn9EhMA%3D
Image downloaded to: /root/.openclaw/workspace/minimax-output/douyin09_today/img_024.jpg
Done!
img_024 done
Generating img_025.jpg...
Mode: t2i
Model: image-01
Generating 1 image(s)...
Success: 1, Failed: 0
URL: https://hailuo-image-algeng-data.oss-cn-wulanchabu.aliyuncs.com/image_inference_output%2Ftalkie%2Fprod%2Fimg%2F2026-04-05%2Faaa3ca24-ecd7-4ea0-b70b-163ba8b3ed8a_aigc.jpeg?Expires=1775438735&OSSAccessKeyId=LTAI5tB2SwrRwAtD23etQUbC&Signature=sLwS7xAj5MSXtJClwmR5m9j8ZJM%3D
Image downloaded to: /root/.openclaw/workspace/minimax-output/douyin09_today/img_025.jpg
Done!
img_025 done
Generating img_026.jpg...
Mode: t2i
Model: image-01
Generating 1 image(s)...
Success: 1, Failed: 0
URL: https://hailuo-image-algeng-data.oss-cn-wulanchabu.aliyuncs.com/image_inference_output%2Ftalkie%2Fprod%2Fimg%2F2026-04-05%2F06bc75b8-82d3-44fe-afde-355f47dc6e1b_aigc.jpeg?Expires=1775438754&OSSAccessKeyId=LTAI5tB2SwrRwAtD23etQUbC&Signature=8%2FA%2BI67UDl614KxqHdo7XOhH6EM%3D
Image downloaded to: /root/.openclaw/workspace/minimax-output/douyin09_today/img_026.jpg
Done!
img_026 done
Generating img_027.jpg...
Mode: t2i
Model: image-01
Generating 1 image(s)...
Success: 1, Failed: 0
URL: https://hailuo-image-algeng-data.oss-cn-wulanchabu.aliyuncs.com/image_inference_output%2Ftalkie%2Fprod%2Fimg%2F2026-04-05%2F51384221-a1f9-4489-9b3a-704c04138669_aigc.jpeg?Expires=1775438769&OSSAccessKeyId=LTAI5tB2SwrRwAtD23etQUbC&Signature=zBNIMC4yAJxl%2Fxd1L1vEJ5L9l%2FI%3D
Image downloaded to: /root/.openclaw/workspace/minimax-output/douyin09_today/img_027.jpg
Done!
img_027 done
Generating img_028.jpg...
Mode: t2i
Model: image-01
Generating 1 image(s)...
Success: 1, Failed: 0
URL: https://hailuo-image-algeng-data.oss-cn-wulanchabu.aliyuncs.com/image_inference_output%2Ftalkie%2Fprod%2Fimg%2F2026-04-05%2Fcd3f154c-08d4-455f-9082-6d0dc4c6d54f_aigc.jpeg?Expires=1775438784&OSSAccessKeyId=LTAI5tB2SwrRwAtD23etQUbC&Signature=QY6LtiIjB2RKd%2FbvJ9EAoDh2%2BCo%3D
Image downloaded to: /root/.openclaw/workspace/minimax-output/douyin09_today/img_028.jpg
Done!
img_028 done
Generating img_029.jpg...
Mode: t2i
Model: image-01
Generating 1 image(s)...
Success: 1, Failed: 0
URL: https://hailuo-image-algeng-data.oss-cn-wulanchabu.aliyuncs.com/image_inference_output%2Ftalkie%2Fprod%2Fimg%2F2026-04-05%2Fdc6a947f-96b7-4133-9ed8-cf7460953c66_aigc.jpeg?Expires=1775438882&OSSAccessKeyId=LTAI5tB2SwrRwAtD23etQUbC&Signature=NA0P1%2F4T9lSiBriOqkNKaLGj2yg%3D
Image downloaded to: /root/.openclaw/workspace/minimax-output/douyin09_today/img_029.jpg
Done!
img_029 done
Generating img_030.jpg...
Mode: t2i
Model: image-01
Generating 1 image(s)...
Success: 1, Failed: 0
URL: https://hailuo-image-algeng-data.oss-cn-wulanchabu.aliyuncs.com/image_inference_output%2Ftalkie%2Fprod%2Fimg%2F2026-04-05%2Fcc3a3198-f010-4eb3-aeb1-591fde736837_aigc.jpeg?Expires=1775438897&OSSAccessKeyId=LTAI5tB2SwrRwAtD23etQUbC&Signature=5z9CRHuSM8czYBsGrKL%2BufNKLs0%3D
Image downloaded to: /root/.openclaw/workspace/minimax-output/douyin09_today/img_030.jpg
Done!
img_030 done
Generating img_031.jpg...
Mode: t2i
Model: image-01
Generating 1 image(s)...
Success: 1, Failed: 0
URL: https://hailuo-image-algeng-data.oss-cn-wulanchabu.aliyuncs.com/image_inference_output%2Ftalkie%2Fprod%2Fimg%2F2026-04-05%2Fefe85bf9-defc-48e0-8e6c-25c64779c0d9_aigc.jpeg?Expires=1775438913&OSSAccessKeyId=LTAI5tB2SwrRwAtD23etQUbC&Signature=w3Jg2wnbMsdjlafsC7Cf9rkSdcg%3D
Image downloaded to: /root/.openclaw/workspace/minimax-output/douyin09_today/img_031.jpg
Done!
img_031 done
Generating img_032.jpg...
Mode: t2i
Model: image-01
Generating 1 image(s)...
Success: 1, Failed: 0
URL: https://hailuo-image-algeng-data.oss-cn-wulanchabu.aliyuncs.com/image_inference_output%2Ftalkie%2Fprod%2Fimg%2F2026-04-05%2F2d23d597-1674-4158-ae37-5f2daaeb6087_aigc.jpeg?Expires=1775439008&OSSAccessKeyId=LTAI5tB2SwrRwAtD23etQUbC&Signature=uDwf7mjMq4skC1BHTdLbGqCdFN0%3D
Image downloaded to: /root/.openclaw/workspace/minimax-output/douyin09_today/img_032.jpg
Done!
img_032 done
Generating img_033.jpg...
Mode: t2i
Model: image-01
Generating 1 image(s)...
Success: 1, Failed: 0
URL: https://hailuo-image-algeng-data.oss-cn-wulanchabu.aliyuncs.com/image_inference_output%2Ftalkie%2Fprod%2Fimg%2F2026-04-05%2F51bf7fe0-397c-4475-8904-a8d97b04783c_aigc.jpeg?Expires=1775439026&OSSAccessKeyId=LTAI5tB2SwrRwAtD23etQUbC&Signature=o8JkgrwRZAO8bcJcfxOqFc8z%2B%2FY%3D
Image downloaded to: /root/.openclaw/workspace/minimax-output/douyin09_today/img_033.jpg
Done!
img_033 done
Generating img_034.jpg...
Mode: t2i
Model: image-01
Generating 1 image(s)...
Success: 1, Failed: 0
URL: https://hailuo-image-algeng-data.oss-cn-wulanchabu.aliyuncs.com/image_inference_output%2Ftalkie%2Fprod%2Fimg%2F2026-04-05%2F4b465998-8f4b-4b68-add9-d6ff292f106a_aigc.jpeg?Expires=1775439043&OSSAccessKeyId=LTAI5tB2SwrRwAtD23etQUbC&Signature=ddmY7SxkTBfQXG7iCNHMPOMBEBk%3D
Image downloaded to: /root/.openclaw/workspace/minimax-output/douyin09_today/img_034.jpg
Done!
img_034 done
Generating img_035.jpg...
Mode: t2i
Model: image-01
Generating 1 image(s)...
Success: 1, Failed: 0
URL: https://hailuo-image-algeng-data.oss-cn-wulanchabu.aliyuncs.com/image_inference_output%2Ftalkie%2Fprod%2Fimg%2F2026-04-05%2F60062b56-4a1d-43b1-9b20-b5920ff83818_aigc.jpeg?Expires=1775439107&OSSAccessKeyId=LTAI5tB2SwrRwAtD23etQUbC&Signature=T1bJ1U1s9AxvXd8wg1csBgf4ykI%3D
Image downloaded to: /root/.openclaw/workspace/minimax-output/douyin09_today/img_035.jpg
Done!
img_035 done
Generating img_036.jpg...
Mode: t2i
Model: image-01
Generating 1 image(s)...
Success: 1, Failed: 0
URL: https://hailuo-image-algeng-data.oss-cn-wulanchabu.aliyuncs.com/image_inference_output%2Ftalkie%2Fprod%2Fimg%2F2026-04-05%2Fd857528c-6bf5-4cf8-9a6b-d9d31840d7f7_aigc.jpeg?Expires=1775439203&OSSAccessKeyId=LTAI5tB2SwrRwAtD23etQUbC&Signature=0aTZqYtXFbHEjTGmb6hgLayj09I%3D
Image downloaded to: /root/.openclaw/workspace/minimax-output/douyin09_today/img_036.jpg
Done!
img_036 done
Generating img_037.jpg...
Mode: t2i
Model: image-01
Generating 1 image(s)...
Success: 1, Failed: 0
URL: https://hailuo-image-algeng-data.oss-cn-wulanchabu.aliyuncs.com/image_inference_output%2Ftalkie%2Fprod%2Fimg%2F2026-04-05%2Fc53ac255-aa41-4cfc-bf0c-5f464e626f2a_aigc.jpeg?Expires=1775439263&OSSAccessKeyId=LTAI5tB2SwrRwAtD23etQUbC&Signature=zYzgzmyRZOj2tyiDG9qQFpDByG4%3D
Image downloaded to: /root/.openclaw/workspace/minimax-output/douyin09_today/img_037.jpg
Done!
img_037 done
Generating img_038.jpg...
Mode: t2i
Model: image-01
Generating 1 image(s)...
Success: 1, Failed: 0
URL: https://hailuo-image-algeng-data.oss-cn-wulanchabu.aliyuncs.com/image_inference_output%2Ftalkie%2Fprod%2Fimg%2F2026-04-05%2F76f93766-5ffc-407b-9c34-54c4c5d1aeed_aigc.jpeg?Expires=1775439360&OSSAccessKeyId=LTAI5tB2SwrRwAtD23etQUbC&Signature=xhj6M3tCIBGhoeazt0ANOvp4N4s%3D
Image downloaded to: /root/.openclaw/workspace/minimax-output/douyin09_today/img_038.jpg
Done!
img_038 done
Generating img_039.jpg...
Mode: t2i
Model: image-01
Generating 1 image(s)...
Success: 1, Failed: 0
URL: https://hailuo-image-algeng-data.oss-cn-wulanchabu.aliyuncs.com/image_inference_output%2Ftalkie%2Fprod%2Fimg%2F2026-04-05%2F20eaf4e6-3df3-4bf8-92c5-c9423cca4081_aigc.jpeg?Expires=1775439375&OSSAccessKeyId=LTAI5tB2SwrRwAtD23etQUbC&Signature=RV%2FQvbHxPBIvojnrDtER12t3mUM%3D
Image downloaded to: /root/.openclaw/workspace/minimax-output/douyin09_today/img_039.jpg
Done!
img_039 done
Generating img_040.jpg...
Mode: t2i
Model: image-01
Generating 1 image(s)...
Success: 1, Failed: 0
URL: https://hailuo-image-algeng-data.oss-cn-wulanchabu.aliyuncs.com/image_inference_output%2Ftalkie%2Fprod%2Fimg%2F2026-04-05%2Fab200fa4-f787-4cf0-94d9-f5342e586f54_aigc.jpeg?Expires=1775439391&OSSAccessKeyId=LTAI5tB2SwrRwAtD23etQUbC&Signature=mExAYWFgm9S7T%2FJqQ%2F34G1EHH2g%3D
Image downloaded to: /root/.openclaw/workspace/minimax-output/douyin09_today/img_040.jpg
Done!
img_040 done
Generating img_041.jpg...
Mode: t2i
Model: image-01
Generating 1 image(s)...
Success: 1, Failed: 0
URL: https://hailuo-image-algeng-data.oss-cn-wulanchabu.aliyuncs.com/image_inference_output%2Ftalkie%2Fprod%2Fimg%2F2026-04-05%2F61b4dc70-68a6-45c3-97d8-9dd45c78e015_aigc.jpeg?Expires=1775439487&OSSAccessKeyId=LTAI5tB2SwrRwAtD23etQUbC&Signature=vWPrf6Kms%2F2Gp0sOg6F7v%2BriBCY%3D
Image downloaded to: /root/.openclaw/workspace/minimax-output/douyin09_today/img_041.jpg
Done!
img_041 done
Generating img_042.jpg...
Mode: t2i
Model: image-01
Generating 1 image(s)...
Success: 1, Failed: 0
URL: https://hailuo-image-algeng-data.oss-cn-wulanchabu.aliyuncs.com/image_inference_output%2Ftalkie%2Fprod%2Fimg%2F2026-04-05%2F6ea55641-f382-48c3-962d-fe736eae2126_aigc.jpeg?Expires=1775439502&OSSAccessKeyId=LTAI5tB2SwrRwAtD23etQUbC&Signature=PhXrDKWT0V3mKDskZezv8zZvym4%3D
Image downloaded to: /root/.openclaw/workspace/minimax-output/douyin09_today/img_042.jpg
Done!
img_042 done
Generating img_043.jpg...
Mode: t2i
Model: image-01
Generating 1 image(s)...
Success: 1, Failed: 0
URL: https://hailuo-image-algeng-data.oss-cn-wulanchabu.aliyuncs.com/image_inference_output%2Ftalkie%2Fprod%2Fimg%2F2026-04-05%2F6a0f4461-a575-4770-9ee3-6c05ecd4564d_aigc.jpeg?Expires=1775439516&OSSAccessKeyId=LTAI5tB2SwrRwAtD23etQUbC&Signature=mS4h3lWbe3U%2Fl6otWyZD4QEsd38%3D
Image downloaded to: /root/.openclaw/workspace/minimax-output/douyin09_today/img_043.jpg
Done!
img_043 done
Generating img_044.jpg...
Mode: t2i
Model: image-01
Generating 1 image(s)...
Success: 1, Failed: 0
URL: https://hailuo-image-algeng-data.oss-cn-wulanchabu.aliyuncs.com/image_inference_output%2Ftalkie%2Fprod%2Fimg%2F2026-04-05%2Fd90823be-a9b9-4d2b-a250-820a81e59a46_aigc.jpeg?Expires=1775439530&OSSAccessKeyId=LTAI5tB2SwrRwAtD23etQUbC&Signature=TAKTEHvVe%2BDyleOM4hhKTX6dJnc%3D
Image downloaded to: /root/.openclaw/workspace/minimax-output/douyin09_today/img_044.jpg
Done!
img_044 done
Generating img_045.jpg...
Mode: t2i
Model: image-01
Generating 1 image(s)...
Success: 1, Failed: 0
URL: https://hailuo-image-algeng-data.oss-cn-wulanchabu.aliyuncs.com/image_inference_output%2Ftalkie%2Fprod%2Fimg%2F2026-04-05%2F86d36260-284b-4611-8d26-73fb5719a23b_aigc.jpeg?Expires=1775439545&OSSAccessKeyId=LTAI5tB2SwrRwAtD23etQUbC&Signature=ERc5p1dNKHoO4ce2UdHwgOwv%2B1E%3D
Image downloaded to: /root/.openclaw/workspace/minimax-output/douyin09_today/img_045.jpg
Done!
img_045 done
Generating img_046.jpg...
Mode: t2i
Model: image-01
Generating 1 image(s)...
Success: 1, Failed: 0
URL: https://hailuo-image-algeng-data.oss-cn-wulanchabu.aliyuncs.com/image_inference_output%2Ftalkie%2Fprod%2Fimg%2F2026-04-05%2F88de1abd-1d8a-4df6-9219-2a70be4e7eaa_aigc.jpeg?Expires=1775439640&OSSAccessKeyId=LTAI5tB2SwrRwAtD23etQUbC&Signature=qbGHKm2qz0Q0lACQgHbmRli1e6E%3D
Image downloaded to: /root/.openclaw/workspace/minimax-output/douyin09_today/img_046.jpg
Done!
img_046 done
Generating img_047.jpg...
Mode: t2i
Model: image-01
Generating 1 image(s)...
Success: 1, Failed: 0
URL: https://hailuo-image-algeng-data.oss-cn-wulanchabu.aliyuncs.com/image_inference_output%2Ftalkie%2Fprod%2Fimg%2F2026-04-05%2F98cf1a53-8db2-4f23-b8ca-ba0d80bb08b3_aigc.jpeg?Expires=1775439655&OSSAccessKeyId=LTAI5tB2SwrRwAtD23etQUbC&Signature=PI2tlYAD%2FKaYXGlTqyOID4L%2BxyY%3D
Image downloaded to: /root/.openclaw/workspace/minimax-output/douyin09_today/img_047.jpg
Done!
img_047 done
Generating img_048.jpg...
Mode: t2i
Model: image-01
Generating 1 image(s)...
Success: 1, Failed: 0
URL: https://hailuo-image-algeng-data.oss-cn-wulanchabu.aliyuncs.com/image_inference_output%2Ftalkie%2Fprod%2Fimg%2F2026-04-05%2Fe54d61fd-358c-4ffc-85da-ca86b691fbb7_aigc.jpeg?Expires=1775439671&OSSAccessKeyId=LTAI5tB2SwrRwAtD23etQUbC&Signature=rjSm9ucPgkb5n6RZcXTGAKHcCxc%3D
Image downloaded to: /root/.openclaw/workspace/minimax-output/douyin09_today/img_048.jpg
Done!
img_048 done
Generating img_049.jpg...
Mode: t2i
Model: image-01
Generating 1 image(s)...
Success: 1, Failed: 0
URL: https://hailuo-image-algeng-data.oss-cn-wulanchabu.aliyuncs.com/image_inference_output%2Ftalkie%2Fprod%2Fimg%2F2026-04-05%2Fed1c4cb2-7564-410d-8209-e3582983f72f_aigc.jpeg?Expires=1775439685&OSSAccessKeyId=LTAI5tB2SwrRwAtD23etQUbC&Signature=20nU4aIeezz4DCNxQMn6MkfMnjk%3D
Image downloaded to: /root/.openclaw/workspace/minimax-output/douyin09_today/img_049.jpg
Done!
img_049 done
Generating img_050.jpg...
Mode: t2i
Model: image-01
Generating 1 image(s)...
Success: 1, Failed: 0
URL: https://hailuo-image-algeng-data.oss-cn-wulanchabu.aliyuncs.com/image_inference_output%2Ftalkie%2Fprod%2Fimg%2F2026-04-05%2Fa70e31c4-528e-4ecf-a859-d77490124e76_aigc.jpeg?Expires=1775439699&OSSAccessKeyId=LTAI5tB2SwrRwAtD23etQUbC&Signature=WOT91e6IBJJQ99ugKppGpmEC2b4%3D
Image downloaded to: /root/.openclaw/workspace/minimax-output/douyin09_today/img_050.jpg
Done!
img_050 done
ALL 50 IMAGES COMPLETE
